c:\users\arweiss\documents\projekte\tcnopen\tcnopensf\trdp\vsexpress2019\trdp_dll\debug\x64\vc142.pdb
c:\users\arweiss\documents\projekte\tcnopen\tcnopensf\trdp\vsexpress2019\trdp_dll\debug\x64\vc142.idb
c:\users\arweiss\documents\projekte\tcnopen\tcnopensf\trdp\vsexpress2019\trdp_dll\debug\x64\vos_thread.obj
c:\users\arweiss\documents\projekte\tcnopen\tcnopensf\trdp\vsexpress2019\trdp_dll\debug\x64\vos_sock.obj
c:\users\arweiss\documents\projekte\tcnopen\tcnopensf\trdp\vsexpress2019\trdp_dll\debug\x64\vos_shared_mem.obj
c:\users\arweiss\documents\projekte\tcnopen\tcnopensf\trdp\vsexpress2019\trdp_dll\debug\x64\vos_utils.obj
c:\users\arweiss\documents\projekte\tcnopen\tcnopensf\trdp\vsexpress2019\trdp_dll\debug\x64\vos_mem.obj
c:\users\arweiss\documents\projekte\tcnopen\tcnopensf\trdp\vsexpress2019\trdp_dll\debug\x64\trdp_xml.obj
c:\users\arweiss\documents\projekte\tcnopen\tcnopensf\trdp\vsexpress2019\trdp_dll\debug\x64\trdp_utils.obj
c:\users\arweiss\documents\projekte\tcnopen\tcnopensf\trdp\vsexpress2019\trdp_dll\debug\x64\trdp_stats.obj
c:\users\arweiss\documents\projekte\tcnopen\tcnopensf\trdp\vsexpress2019\trdp_dll\debug\x64\trdp_pdcom.obj
c:\users\arweiss\documents\projekte\tcnopen\tcnopensf\trdp\vsexpress2019\trdp_dll\debug\x64\trdp_mdcom.obj
c:\users\arweiss\documents\projekte\tcnopen\tcnopensf\trdp\vsexpress2019\trdp_dll\debug\x64\trdp_dllmain.obj
c:\users\arweiss\documents\projekte\tcnopen\tcnopensf\trdp\vsexpress2019\trdp_dll\debug\x64\tlp_if.obj
c:\users\arweiss\documents\projekte\tcnopen\tcnopensf\trdp\vsexpress2019\trdp_dll\debug\x64\tlm_if.obj
c:\users\arweiss\documents\projekte\tcnopen\tcnopensf\trdp\vsexpress2019\trdp_dll\debug\x64\tlc_if.obj
c:\users\arweiss\documents\projekte\tcnopen\tcnopensf\trdp\vsexpress2019\trdp_dll\debug\x64\tau_xml.obj
c:\users\arweiss\documents\projekte\tcnopen\tcnopensf\trdp\vsexpress2019\trdp_dll\debug\x64\tau_tti.obj
c:\users\arweiss\documents\projekte\tcnopen\tcnopensf\trdp\vsexpress2019\trdp_dll\debug\x64\tau_marshall.obj
c:\users\arweiss\documents\projekte\tcnopen\tcnopensf\trdp\vsexpress2019\trdp_dll\debug\x64\tau_dnr.obj
c:\users\arweiss\documents\projekte\tcnopen\tcnopensf\trdp\vsexpress2019\trdp_dll\debug\x64\tau_ctrl.obj
c:\users\arweiss\documents\projekte\tcnopen\tcnopensf\trdp\vsexpress2019\debug\x64\trdp_dll.dll
c:\users\arweiss\documents\projekte\tcnopen\tcnopensf\trdp\vsexpress2019\debug\x64\trdp_dll.pdb
c:\users\arweiss\documents\projekte\tcnopen\tcnopensf\trdp\vsexpress2019\trdp_dll\debug\x64\trdp_dll.res
c:\users\arweiss\documents\projekte\tcnopen\tcnopensf\trdp\vsexpress2019\debug\x64\trdp_dll.lib
c:\users\arweiss\documents\projekte\tcnopen\tcnopensf\trdp\vsexpress2019\debug\x64\trdp_dll.exp
c:\users\arweiss\documents\projekte\tcnopen\tcnopensf\trdp\vsexpress2019\trdp_dll\debug\x64\trdp_dll.tlog\cl.command.1.tlog
c:\users\arweiss\documents\projekte\tcnopen\tcnopensf\trdp\vsexpress2019\trdp_dll\debug\x64\trdp_dll.tlog\cl.read.1.tlog
c:\users\arweiss\documents\projekte\tcnopen\tcnopensf\trdp\vsexpress2019\trdp_dll\debug\x64\trdp_dll.tlog\cl.write.1.tlog
c:\users\arweiss\documents\projekte\tcnopen\tcnopensf\trdp\vsexpress2019\trdp_dll\debug\x64\trdp_dll.tlog\link.command.1.tlog
c:\users\arweiss\documents\projekte\tcnopen\tcnopensf\trdp\vsexpress2019\trdp_dll\debug\x64\trdp_dll.tlog\link.read.1.tlog
c:\users\arweiss\documents\projekte\tcnopen\tcnopensf\trdp\vsexpress2019\trdp_dll\debug\x64\trdp_dll.tlog\link.write.1.tlog
c:\users\arweiss\documents\projekte\tcnopen\tcnopensf\trdp\vsexpress2019\trdp_dll\debug\x64\trdp_dll.tlog\rc.command.1.tlog
c:\users\arweiss\documents\projekte\tcnopen\tcnopensf\trdp\vsexpress2019\trdp_dll\debug\x64\trdp_dll.tlog\rc.read.1.tlog
c:\users\arweiss\documents\projekte\tcnopen\tcnopensf\trdp\vsexpress2019\trdp_dll\debug\x64\trdp_dll.tlog\rc.write.1.tlog
c:\users\arweiss\documents\projekte\tcnopen\tcnopensf\trdp\vsexpress2019\trdp_dll\debug\x64\trdp_dll.tlog\trdp_dll.write.1u.tlog
